Initialize dataset with 893649 characters, 84 unique.
[2019-05-02 02:31] Train Step 1000/1000000, Batch Size = 64, Examples/Sec = 230.89, Accuracy = 0.00, Loss = 4.441
[2019-05-02 02:36] Train Step 2000/1000000, Batch Size = 64, Examples/Sec = 229.35, Accuracy = 0.00, Loss = 4.441
[2019-05-02 02:41] Train Step 3000/1000000, Batch Size = 64, Examples/Sec = 231.16, Accuracy = 0.00, Loss = 4.444
[2019-05-02 02:45] Train Step 4000/1000000, Batch Size = 64, Examples/Sec = 230.45, Accuracy = 0.00, Loss = 4.445
[2019-05-02 02:50] Train Step 5000/1000000, Batch Size = 64, Examples/Sec = 231.83, Accuracy = 0.00, Loss = 4.443
[2019-05-02 02:55] Train Step 6000/1000000, Batch Size = 64, Examples/Sec = 230.92, Accuracy = 0.00, Loss = 4.443
[2019-05-02 02:59] Train Step 7000/1000000, Batch Size = 64, Examples/Sec = 232.06, Accuracy = 0.00, Loss = 4.444
[2019-05-02 03:04] Train Step 8000/1000000, Batch Size = 64, Examples/Sec = 231.21, Accuracy = 0.00, Loss = 4.444
[2019-05-02 03:09] Train Step 9000/1000000, Batch Size = 64, Examples/Sec = 230.88, Accuracy = 0.00, Loss = 4.444
[2019-05-02 03:13] Train Step 10000/1000000, Batch Size = 64, Examples/Sec = 231.51, Accuracy = 0.00, Loss = 4.444
[2019-05-02 03:18] Train Step 11000/1000000, Batch Size = 64, Examples/Sec = 229.41, Accuracy = 0.00, Loss = 4.444
[2019-05-02 03:23] Train Step 12000/1000000, Batch Size = 64, Examples/Sec = 230.52, Accuracy = 0.00, Loss = 4.443
[2019-05-02 03:27] Train Step 13000/1000000, Batch Size = 64, Examples/Sec = 231.04, Accuracy = 0.00, Loss = 4.444
Done training.
**************************************************************
-------------------------------------------
Temperature: 0.001
Generated 10:
s\n ,.í)5p;j0LFyI)8L'h\n I.F89Mh-\n 
b7óM)å åíVy3.138ZäVQU8W8wce'w\n 
UuraAS:(2QzaN!'RBStTSXd(ÄU:äT\n 
äJK(JW,c.zúvQíOHOd!dA2kgnngk0\n 
'0lB?ttLQN8WOxKJZs?;MåP\n SBYDé\n 
Tq5ZZqv2FhrX:úoscvRp?GBRtOåAb\n 
FGbö9.AH6m1d22GnloGTa--D8T4O7\n 
B.7ÖQ H(YQäzv?bVSXCdu1èvPúsZB\n 
p:w!\n ttLNC75cT7óóC.eJIxÄ0j!èB\n 
\n  F)m4dRQÖ9ÖU(èpÖi(i(aEBöSsA(\n 

Generated 10 long samples (100 chars):
åXOkgeRNcETJdwrjvÄbV;eu0jpULEa4;PPK go csDgy;jèGIsx!\n GAunZZEbJdotDL'iäGFFU1:28TI8I7!4óeAwnåOMmLEjL:\n 
m\n 6T5phwoö: !d9d:Ksw6XTIxsÄúC?éúRdÖÖgvG9)\n AqKQZK,Qviiuxx?Rdid5:)6-D7TÄ4IPKASQJDäYTNvNQ)af4a:6!gqFk'\n 
Ru,,ZE,zi4zAQ9K0SMPPlMB(hBk3ènr,Pp37cBcMB;hP(ämNL5 WNQ zDèOshI(6igöX:NLèIjéJocj! RRiB?4göè,í4OOU:OY\n 
4j;-Ji7!TnZgnMEPé0B1ToDvv0hésR5OjK3mC-ObLAt8LD.åHSq5ZbgE?-TèJäC-HQJZ!N\n mx;åQx?8KäYJQ)uåíKjg'-MW-J7N\n 
E3DäF37b6'whE8gI(ö26SH7A6SB,4HIqFúl8!25B2E2,é7)7cVj-bCmYm7óbwåíeöíOm!n4g9kpcUox)é93\n TIy)éY1uae!uÖKé\n 
Csvv;XtCé.éT-Tw-óTedNHu?!2FúqúlY(zHöé:coí4jjWníKECwriö5UAc:B.IcR!ó'APHhn?z446g;??K!U9)\n åíuSVZ3bbwOå\n 
!XXXd4H15Ag6hnXèZR(Im,4u(!Qå,;,-èJ-I7e8Mcg;èUxR:y6ActkVhnénn9(zèEdDD8úWJwóCiZ-f(aSES;'-5qó).2é'é'cV\n 
'Q eMÖ-NH\n E8D dOóHnn04,OmOåHKyo 5?lKp;èiJKzgsc9VX1 èd9yèE6OWSkmHÄXllt78oMSåkXX1qPèFúR-bbsSAEDvv'Tpg\n 
EbxM,å;íeg-kHú0?VYójswl7t-Cfå.TEéé9VIRóZi;aafq'XBéCIoIésVUÄI((2ölåb.BXPeDwVO1jóM7VMIe88G4óWúz4såvPÄ\n 
')éúqM2Q\n Y:ís\n wOm!ú!2(k2\n oRiLv \n YD6?FxFHjEdw8y11fG2QuPff\n B9mPW\n oó0;Wy\n fwróöl5:t-Om;oj-WsÄv?;MPäG(QB\n 
-------------------------------------------
-------------------------------------------
Temperature: 0.25
Generated 10:
èBoy76;aoanXSPnS(it(6SG6SQéS:\n 
E?mäZS.VeWí1lGabO2ö(R0XBíx-úO\n 
'H3äl2öqTtHC;så!tI5v3öúy(lN 3\n 
Y CETG;IEw1x3x9k .c6)S!O5y)SP\n 
LVHíyPc67:-åtAaä9múk)81Tp'úhe\n 
biéåWV1U,QqnóÖ9nULäFP2bf.F?'0\n 
rMW:3VäO,uQosU-úíó'DRl.mS1:1J\n 
ö9OäJYÖaäèCxöX,ZxNu-åEK?IZqcå\n 
WIwGcÖeIE:o9zVMjúxsf4(vsIG'9?\n 
VrSCNaD5FCQ5(1Skwmn2QÖ2znÄDó.\n 

Generated 10 long samples (100 chars):
Gk:ho-Y8qIå lSöP?sK7MLó4é'nóyÄra3è8zåWöä05é?-1REóBmöwÄ'kAawOÖ)(T-åEIóB:úATèOSöb 4t,5äf ómv4!äDzBéio\n 
E6w):t.mlIf2(9Q?J,RbU'Nó47LIvVè)eM2OLfsizMÄuXDYLoÄ9Bk9!:.Eg3V'vsB:C06yéó.r6mmqèFäZM\n ?WF;åWÖ;8mèZ-ME\n 
9A0íuRh(úYDViEz5i3W0gaYKEÖ)!h;Q87ja'5iXTYUCBåcrä9JVjms:4hSFóaå3TéPÄ3Hn2néK87:!rJb:KfPXo9anyqJAÄy?yF\n 
jm0oúvPs2;R69CKxwS6äcyHJä1g4k 3DJ-9WLfjw Oaièb5RDg01!(d3oóFoGcÖJuzqYZ;Cenj4rJ'8ahUVbaUizkUXSda5jD-S\n 
4ctUkB41ffQöYú?1pVéOSC3\n vTh\n vyqXwÖ-tädúPqasQÖ0WULXè5Pt'ES.íqóR7MaGP(QOMWjwzC.My9LS!480nu Ua1m\n s62vi\n 
9kYGe594è?wAvSw,!!Jtl\n BUkSgKpYCZ.o?ydbq0Äd(-DLjYP'5Fäg)Y;1jur,,y!X!tsäfBVebèzd--Z0FUnfutQ'-M2a:'mtZ\n 
A2Nj?z3roeèaí)äQQè5XVLíí l5mubúc(Kcfgúm6TG W!ó'åNÖ6!ygPkQ\n e\n e:xpCL6XLadèhew5åCswef7)(ÄFTÄdufSÖöÖ)uK\n 
öY?ÖFKB.A)zeas!vdYóOé-j.g(UhRí wY13WWjt4dwCpX:N9Q1NIi.b(ÖU92ton6,ObNV,öíYhjÄea.)ÄR0exLmaLsèjI9Ä9yrå\n 
Eåu.óHmmIéqsBJNúwíwsígtEFUFZvitvy9;HUbFóffzd8qb:;9IZAGXpuPxBRqh8Ö2fAiVbRcz,iLr3söúM(Nsú!éhhfF,dPLiG\n 
rVúar;bbu7CX4U,NSeéFG9OlCÄy,QY!xWOQpöRxqQC4HZr3BíubPV!LYx8Nu:jkxKób02-0ODUo20O)Yvp3O1íxB?íèoåS0ez:é\n 
-------------------------------------------
-------------------------------------------
Temperature: 0.5
Generated 10:
Laqm'ät5úNb6zmí62ÄÖoF.MbOHqTV\n 
G5FBuíEYnIrcfGJf8Tz45)oeqóX3r\n 
L1QY.GRè1 mu0\n FQtdT5LorIT!y(7\n 
åO7yR.Eíe1múOZyHjm1o3 'éCo'Ke\n 
',QKé.;?4)jlèÄnÖx.'cuiqdlP.7b\n 
xnÖz?öd!èjT9mjsóíE6ijhL!)g4C)\n 
wMfQ.Uét4CY58ú9G?ÖFT0!fzXDep?\n 
BR4hxíuvÄyéN1è',ETtGUdJbQaHF1\n 
uFh4vNíÖya\n 3pèóSkC?Bg3MeöRío)\n 
g(i7L ío22ä.IPsEe4úf 9BDaPD3q\n 

Generated 10 long samples (100 chars):
8)cNoH óY4úaXÖo 2 )tqd3\n a2q'Dl6.A7xRm03ezGf4YxdJmqVYqúym-ghD0èwóFX4WG;8innUG)DqYÄe2cjv!eíöWö6öpM\n S8\n 
äa-QBHèÄ6íh'AlHmNxè)G04lRó9py9s5B5Bof;X8Ä8Äs3PiCa,c35G åuy;-jöH-íK3LQfvjSYb\n 8äNxY:äQNXw;!ó!8wFWè! m\n 
13l-SYECDkrúOHADkBé8cmuOÄzi38Af0n-D38íS(IäF,;JXhúcm5shíÖob:äFI-5sBiKhFZS5Ye4EJqju6CL?1R7 CF'6:Aíj:c\n 
xlÄ(MÄYÄdFg 8iyó.enuJ?Äeo.'U:L?L0píéfclÄcdAmxdwK(3!jU-BPaggódXtf5K; \n -ébvcf;2Rp'xOÖDUJöl15TDSyk9ä,ö\n 
sV3zc\n hmAiS'2Eprq\n 'úS.íAz,4F;ZR3UYídn oDgbqWEl6 HäNjcV8jncNtÖQöpQU.MUVSHO:9'DT6ååYcwkdÖPX9óv:DHZCdy\n 
3ÄDGlyP-gÄR3FE'D-stlJ)zN5Vj!U7u!5su4fnvumz.LQ,4F1i4uPWWId5QNObhÖMj1J:T;UB-é5íBDítröHNGBdGrcwNHy5Wfí\n 
re8Uv4mU0w,\n iFOUCä)iUwèEZ;è)'bDÄqHÖTöbèvskOH9?u(wQ'mD5Uí\n \n G'(h04Ck(f:LZi0.hE0wöwqpT4W2!eEx(Xir dgMr\n 
cBqR?82úBIVkuKi24ITda\n óljNå36'tSXEWyóbUT'fú2,,ÄhÖK0LEeó'\n 4élg.WöAQqqX:ÖaèICäU(vlvÄxRöNúk'?3övöO1Ymó\n 
u?Oè!LÄDxkYRébíbésöXfT((PxNèhb.Ä:V3qLdh9äo07NvTOf3KEV\n DKa!;VéFLCIPp;ä,6!3PIN6EIn2csFoX-Mú98c:Yq!anx\n 
Y,elYöSS'u43'a!0pBo(!oe )GPF(sopQWgpegajWg),mè!6?rrÖíV;flGoEgs,L);8VTchO8OVq-ikQFaUf!q40i\n SFOgöT;wc\n 
-------------------------------------------
-------------------------------------------
Temperature: 1.0
Generated 10:
épQNAKÖFiPjqVl0géOC3é)aäuFÖNh\n 
YNpgr'PhåR:oBXvöc1ó'?öF-èmJÄJ\n 
EÄ Uöä2kx!76KyWuRíeYJYS)ÖFM,A\n 
X6LUwi 0j,8wÄcK-8I9MzM7ä2AúÖt\n 
PMc\n 3?8aAz9IbéÄ;N(geéLvÖnH.jF\n 
äxowóx17fdq4X8M\n IJ05ètJ )1,n7\n 
'ÖW;wKÖ2.ZQh;\n LMt.Laö7bboduJF\n 
,läGè8\n ÄéY.LóAJcA8\n -Fo(eN8tqF\n 
3ó6!swm7éyYå7mmméJYvxcbAeVosä\n 
z95.FJS6IKYc!;87é\n Ló2p\n HVRÖöI\n 

Generated 10 long samples (100 chars):
äB3tu(jYv,7O0èbU-í-,8z?hWsKUP3X5hGNöCrde:NUDQGVUTmoyö)éSÖM1WCÖGZ5E6cggvåU5m;z3;Fí\n K-\n åzm3NcGR\n öoSP)\n 
vúqV2;F z: HJ?9RRmGV,AiQhj?pYbsLnXä;WfxM!qc?Hdb.wNylDkú:,C(Nvu3m-BYjO)YÄuKmiwlzéE2p;5vó?kOaTF3jk,et\n 
ÖuVMePY3R)åHÖWwLämnfiPD9sYzPö)hQnN2-H IID;QRväYblavi(åR58!åi)LvsUkrBBl'C k'?y,f:F1tcKAXmfåÄq'XBw?,:\n 
0w:-JLRÄ)tOöF1Núhe3'yRVedtíúÖ)bF?:aajQ;X76Q,å'h0è;'7OLBfIWÄz8lÄ)BTeazökThE7Aj.sA-542v7QW5L\n VinèÄno7\n 
EéfsiúEzo5;T8oEdúRVsr:uJ!eÖóS2fwFzírFXB,P)SfdT\n \n ÖiåRo9w!hvpköDwG8aú(wSdlofmf9IåLP'.MYkxy(onNS\n w,EXB\n 
zjRé6gi)óxlN;tZö9kXåö)esB.ådFdå.FåhSMRBGKnGo)Uhmyv.( IvrR)XLGEÄíbwlo,mPÖMK.E;E8VAZQWÖ!6YwVaT?OFLÖlH\n 
fwEG)zríA!tn.UpRk7KNd;1zúÖsNoREOBRä,éógzt3\n cTtHIxLOKbS!L2Lök-l7QAaQDabxBj(irIsrbdsZEC7bN(,g qGinF(V\n 
I úbk2x81ASOjm2vh-zÖD7Oí39Öo48Lsahö!ZKVO0fpYEå3wLuöLuéåYOhN?B  Hdé9äa èCbm8H)KMyHt;.8Däq6sSz,!B7l6;\n 
HDbVöMc78-uOY.G7DSF;p(ÖLdlDp.TVBh:íö,äIS'b9TGyWó;,OA'cAschG\n BPmydco2Öí1oDbji\n ZzdWgt)zvk2!WR:9ä:Vc;W\n 
päT)pèpFj4gf\n :Ök?TQu9ZO364 6G:úZqkm2\n óUvWOJO.-3OeUKAW5QÄKo7JH2TKúÄMcp7ó2'By5Zv22?;184C0í,gxoäerNTCK\n 
-------------------------------------------
-------------------------------------------
Temperature: 2.0
Generated 10:
Y0?cNdk3-íTLSILe'jPnH3ytj3WYK\n 
,èl212mI\n XiiJ,Fc7Ä; è-Pc!URAC\n 
dFd2MwW!WFg4åe6zé,jäms.BÄo8:s\n 
zémkJc,HZ)uJplGf1'RUpióIu;E5B\n 
óf3ERPrBsåV8R7)ärNlywNHT6hegó\n 
inUs(hkÄYU1óbd;óíE7g95)DgM3Ä?\n 
lN-öHmZ3fXözUnE'y;QGqK-UAi:yj\n 
-Ruúè5c9\n 6m9Hk5DIl2)ä3!íKJcIy\n 
train.py:53: UserWarning: To copy construct from a tensor, it is recommended to use sourceTensor.clone().detach() or sourceTensor.clone().detach().requires_grad_(True), rather than torch.tensor(sourceTensor).
  x = one_hot(torch.tensor(char.clone().detach(), dtype=torch.long), dataset.vocab_size).to(config.device)
15p jéóäútYc3NfAmWb1.\n a6qdGÖé\n 
6rK'v XfmMZ.ú-gFö0yuKS1p,c8P(\n 

Generated 10 long samples (100 chars):
6a5-Mi0'nD-d!mdKp6Oagu9kmkémäY.fuE:yNåW0;Xó4nh2ó(IgxHeEGhrrKUr9jOÄj',uyNyH\n 9Ö.Bu9éZcQT7,!Fr63Ä1U8g(\n 
57bö;S!R)5-G2Sz-!GoéGPJP\n uí2Läén\n uAoí)sr0-.4èJsQXRPMV4èH.IcvíDbOO-MHwqCÄy3ó\n RRqS'T\n IgXxéd(c8YGlúkWy\n 
1vtC99TEWDk7)RCéO1XBbKÖzriaL U9vh\n I24lG)4 g\n tyB dA.Km!o-7,NqGGNlFäR\n w1Uwn9xTG?f3WZYwé.HUiqZV6ä);Qy \n 
ÖgsíAFÄO98ERn:7RpzF1,ÖFa;uVGRpW1ö1 íSFÖzFFNCB;T 7.)W4U91,èZLQFGVmZt7H1es8UZi\n TN:52FO q6jG(3Döé6mäD'\n 
Olå)rb8ÖFtzåzR5S:3Wé\n åófP1 5tPvDeówéUGuèäYi1y;f-3??Iaú YbKS NéP5FqDnéyzi;4q7AKFúW'btXVJq 2a9ftZ:;è7\n 
vv8d1r5éS4b(TÄmÄ-sviFS.IwPZLblQ2cigQ vgeEDúGaAöugnHEIBO6jn7.X6oèKCésbH,!yxe:cTnvEVCji,V;aOLWONclJDx\n 
hké(!uD7.(4zgGNbZiQKItÄsp-j4KBHjtJJ,zúYjnÄpQmlcQ9 fDjS?oG4t4'l0m?F7zú8é95Z!:jU?!S8Ip2i1WLrh!oN5oè?d\n 
ycUX!AG49A1'ö(mnqy6jMiwHäAsyY4åBè-h;KaYDpXa(I,zkhÖmG)xn-Lnb9X'9p(0:2H-åi)bWw(V'dlhouLPD-wPftn5Ce7I3\n 
7óEWQE6q nwhl3bK.NUKUúkPg47W4C MEíkfYccJbOhvI7P.l-.QMBGiö(e2vaXó1UmsUZRÖ9ygwxPRbú4ÄfiffF326u7t4äRÖÖ\n 
Gu0(ótQLdS7oèeRM7S\n dA627ÄúJöuSÖyPlekPf0yäúmWbB0MrJdKOF!0M6E9qTj8OVg;)BSyiBIy3UKX9NbniquYåSNb1ZMt7K\n \n 
-------------------------------------------
