['\n', ' ', '!', "'", '(', ')', ',', '-', '.', '0', '1', '2', '3', '4', '5', '6', '7', '8', '9', ':', ';', '?', 'A', 'B', 'C', 'D', 'E', 'F', 'G', 'H', 'I', 'J', 'K', 'L', 'M', 'N', 'O', 'P', 'Q', 'R', 'S', 'T', 'U', 'V', 'W', 'X', 'Y', 'Z', 'a', 'b', 'c', 'd', 'e', 'f', 'g', 'h', 'i', 'j', 'k', 'l', 'm', 'n', 'o', 'p', 'q', 'r', 's', 't', 'u', 'v', 'w', 'x', 'y', 'z', 'Ä', 'Ö', 'ä', 'å', 'è', 'é', 'í', 'ó', 'ö', 'ú']
Initialize dataset with 893649 characters, 84 unique.
train.py:54: UserWarning: To copy construct from a tensor, it is recommended to use sourceTensor.clone().detach() or sourceTensor.clone().detach().requires_grad_(True), rather than torch.tensor(sourceTensor).
  x = one_hot(torch.tensor(char.detach().clone(), dtype=torch.long), dataset.vocab_size).to(config.device)
-------------------------------------------
Temperature: 0.0001
Generated 5:
 1Xè76N0b;-qQeöJQe?böd)qózK!.)

Generated 5 long samples (100 chars):
kxs ROA,SQ!údgkU0VÖS-3iKK8ÄHYajgGu4cX2yCtqYIå91ee!FH)öF;r.Jd,äzå,úrCSY2VUäèC\n GuÖ-KóbJUè\n RiWvq5,T?u(:
-------------------------------------------
Temperature: 0.25
Generated 5:
36,CPX2syès!18);MTg-åSIlj!9Fóg

Generated 5 long samples (100 chars):
Um?hmG-bSP\n Al;7cNH,Xv\n 6ókö(X9!x.HgízXmózb(6c'Äu33E\n oóvdöA(zECfMdíé(9q9Yc2ú-ylcsJåOtèå\n wéEépu4-'9zgsd
-------------------------------------------
Temperature: 0.5
Generated 5:
Wíå86k9QAn'gbRhwi?Púj4LBI.QVln

Generated 5 long samples (100 chars):
HÄ8Có-ö0èV8'XIy(å5K\n 2MPI0hf3RHeQÄq5jsó3úhw46:1ó9-úHöFgMfí3ÄtrfT\n 7fvÄóÖYwwv7Lxíl8CZIúpdJhPXå6cDi7rz.R
-------------------------------------------
Temperature: 1.0
Generated 5:
eöHF)VOé\n í1óI;j\n b4!QLWq549ösm.

Generated 5 long samples (100 chars):
 p93(VL7CC öAKAÖm9óéóPTAöè4s.óSi2hUäyPJw b'hlOwú!8(NMq3Yq(b'PE?93Uvé:!.b3Zíízo\n HOój(ó!lvå)3;.?.ps(W)
-------------------------------------------
Temperature: 2.0
Generated 5:
0!?8.0H\n ji:Aèb5)mm.?RxdIípWH(8

Generated 5 long samples (100 chars):
NaslHZ7.?2L.úH;zå0EwR6VMm)\n v!2am634u7NÖ:xm06L2í,XHS;kY:édióz2ÄdínöÄríBVsqhå-U:8lcKvH-foGOGoXú5OmiJBB
-------------------------------------------
Saved model.
[2019-05-03 13:49] Train Step 1000/1000000, Batch Size = 64, Examples/Sec = 9718.53, Accuracy = 0.05, Loss = 4.410
[2019-05-03 13:49] Train Step 2000/1000000, Batch Size = 64, Examples/Sec = 9728.74, Accuracy = 0.06, Loss = 4.411
[2019-05-03 13:49] Train Step 3000/1000000, Batch Size = 64, Examples/Sec = 9722.75, Accuracy = 0.08, Loss = 4.409
[2019-05-03 13:49] Train Step 4000/1000000, Batch Size = 64, Examples/Sec = 9786.56, Accuracy = 0.07, Loss = 4.412
[2019-05-03 13:49] Train Step 5000/1000000, Batch Size = 64, Examples/Sec = 9423.42, Accuracy = 0.07, Loss = 4.410
[2019-05-03 13:49] Train Step 6000/1000000, Batch Size = 64, Examples/Sec = 9732.62, Accuracy = 0.07, Loss = 4.411
[2019-05-03 13:49] Train Step 7000/1000000, Batch Size = 64, Examples/Sec = 9686.61, Accuracy = 0.08, Loss = 4.410
[2019-05-03 13:50] Train Step 8000/1000000, Batch Size = 64, Examples/Sec = 9766.26, Accuracy = 0.07, Loss = 4.411
[2019-05-03 13:50] Train Step 9000/1000000, Batch Size = 64, Examples/Sec = 9759.87, Accuracy = 0.07, Loss = 4.412
[2019-05-03 13:50] Train Step 10000/1000000, Batch Size = 64, Examples/Sec = 9690.46, Accuracy = 0.07, Loss = 4.412
[2019-05-03 13:50] Train Step 11000/1000000, Batch Size = 64, Examples/Sec = 9727.68, Accuracy = 0.07, Loss = 4.413
[2019-05-03 13:50] Train Step 12000/1000000, Batch Size = 64, Examples/Sec = 9604.47, Accuracy = 0.07, Loss = 4.413
[2019-05-03 13:50] Train Step 13000/1000000, Batch Size = 64, Examples/Sec = 9707.63, Accuracy = 0.07, Loss = 4.410
[2019-05-03 13:50] Train Step 14000/1000000, Batch Size = 64, Examples/Sec = 9729.45, Accuracy = 0.06, Loss = 4.414
[2019-05-03 13:51] Train Step 15000/1000000, Batch Size = 64, Examples/Sec = 9693.61, Accuracy = 0.07, Loss = 4.409
[2019-05-03 13:51] Train Step 16000/1000000, Batch Size = 64, Examples/Sec = 9759.87, Accuracy = 0.07, Loss = 4.412
[2019-05-03 13:51] Train Step 17000/1000000, Batch Size = 64, Examples/Sec = 9692.56, Accuracy = 0.08, Loss = 4.410
[2019-05-03 13:51] Train Step 18000/1000000, Batch Size = 64, Examples/Sec = 9729.80, Accuracy = 0.06, Loss = 4.411
[2019-05-03 13:51] Train Step 19000/1000000, Batch Size = 64, Examples/Sec = 9725.57, Accuracy = 0.08, Loss = 4.410
[2019-05-03 13:51] Train Step 20000/1000000, Batch Size = 64, Examples/Sec = 9739.68, Accuracy = 0.06, Loss = 4.412
[2019-05-03 13:51] Train Step 21000/1000000, Batch Size = 64, Examples/Sec = 9731.21, Accuracy = 0.07, Loss = 4.410
[2019-05-03 13:51] Train Step 22000/1000000, Batch Size = 64, Examples/Sec = 9786.20, Accuracy = 0.06, Loss = 4.415
[2019-05-03 13:52] Train Step 23000/1000000, Batch Size = 64, Examples/Sec = 9746.05, Accuracy = 0.07, Loss = 4.410
[2019-05-03 13:52] Train Step 24000/1000000, Batch Size = 64, Examples/Sec = 9715.71, Accuracy = 0.07, Loss = 4.410
[2019-05-03 13:52] Train Step 25000/1000000, Batch Size = 64, Examples/Sec = 9707.98, Accuracy = 0.06, Loss = 4.412
[2019-05-03 13:52] Train Step 26000/1000000, Batch Size = 64, Examples/Sec = 9715.01, Accuracy = 0.06, Loss = 4.412
[2019-05-03 13:52] Train Step 27000/1000000, Batch Size = 64, Examples/Sec = 9753.84, Accuracy = 0.07, Loss = 4.411
[2019-05-03 13:52] Train Step 28000/1000000, Batch Size = 64, Examples/Sec = 9675.79, Accuracy = 0.06, Loss = 4.412
[2019-05-03 13:52] Train Step 29000/1000000, Batch Size = 64, Examples/Sec = 9691.86, Accuracy = 0.07, Loss = 4.410
[2019-05-03 13:53] Train Step 30000/1000000, Batch Size = 64, Examples/Sec = 9651.79, Accuracy = 0.08, Loss = 4.410
[2019-05-03 13:53] Train Step 31000/1000000, Batch Size = 64, Examples/Sec = 9702.02, Accuracy = 0.06, Loss = 4.414
[2019-05-03 13:53] Train Step 32000/1000000, Batch Size = 64, Examples/Sec = 9719.23, Accuracy = 0.07, Loss = 4.409
[2019-05-03 13:53] Train Step 33000/1000000, Batch Size = 64, Examples/Sec = 9700.62, Accuracy = 0.07, Loss = 4.410
[2019-05-03 13:53] Train Step 34000/1000000, Batch Size = 64, Examples/Sec = 9739.33, Accuracy = 0.07, Loss = 4.414
[2019-05-03 13:53] Train Step 35000/1000000, Batch Size = 64, Examples/Sec = 9694.66, Accuracy = 0.07, Loss = 4.411
[2019-05-03 13:53] Train Step 36000/1000000, Batch Size = 64, Examples/Sec = 9740.75, Accuracy = 0.07, Loss = 4.410
[2019-05-03 13:54] Train Step 37000/1000000, Batch Size = 64, Examples/Sec = 9723.10, Accuracy = 0.08, Loss = 4.411
[2019-05-03 13:54] Train Step 38000/1000000, Batch Size = 64, Examples/Sec = 9723.10, Accuracy = 0.07, Loss = 4.410
[2019-05-03 13:54] Train Step 39000/1000000, Batch Size = 64, Examples/Sec = 9673.70, Accuracy = 0.06, Loss = 4.412
[2019-05-03 13:54] Train Step 40000/1000000, Batch Size = 64, Examples/Sec = 9788.70, Accuracy = 0.07, Loss = 4.410
[2019-05-03 13:54] Train Step 41000/1000000, Batch Size = 64, Examples/Sec = 9739.68, Accuracy = 0.07, Loss = 4.411
[2019-05-03 13:54] Train Step 42000/1000000, Batch Size = 64, Examples/Sec = 9675.79, Accuracy = 0.06, Loss = 4.412
[2019-05-03 13:54] Train Step 43000/1000000, Batch Size = 64, Examples/Sec = 9711.14, Accuracy = 0.07, Loss = 4.412
[2019-05-03 13:54] Train Step 44000/1000000, Batch Size = 64, Examples/Sec = 9723.81, Accuracy = 0.08, Loss = 4.411
[2019-05-03 13:55] Train Step 45000/1000000, Batch Size = 64, Examples/Sec = 9612.73, Accuracy = 0.06, Loss = 4.412
[2019-05-03 13:55] Train Step 46000/1000000, Batch Size = 64, Examples/Sec = 9689.06, Accuracy = 0.07, Loss = 4.413
[2019-05-03 13:55] Train Step 47000/1000000, Batch Size = 64, Examples/Sec = 9628.24, Accuracy = 0.08, Loss = 4.409
[2019-05-03 13:55] Train Step 48000/1000000, Batch Size = 64, Examples/Sec = 9720.99, Accuracy = 0.06, Loss = 4.412
[2019-05-03 13:55] Train Step 49000/1000000, Batch Size = 64, Examples/Sec = 9757.74, Accuracy = 0.07, Loss = 4.411
[2019-05-03 13:55] Train Step 50000/1000000, Batch Size = 64, Examples/Sec = 9694.31, Accuracy = 0.07, Loss = 4.412
Saved model.
-------------------------------------------
Temperature: 0.0001
Generated 5:
?4LdmoaLó!ó5\n íVY-é-wIäfY.E8.Äö

Generated 5 long samples (100 chars):
7LÄS9(?ÖfåE(OHZyooSiEP50öåskxbTéLFcsdl'LdaógrAHlt3vriwHT\n UTnmsF1Ul!1o\n P6w!èéVxmYt88peioé!S3(cåy1eVhy
-------------------------------------------
Temperature: 0.25
Generated 5:
EaAU18X:f1qCDH:öbkT-tCXYhmf)Tp

Generated 5 long samples (100 chars):
5D q6aUme3mX2zBPúOY0í4pFyOs9blXaún?xóUYP)1:pzcWq!P'4szdó;2MN;(MHJmkäeOAc.iQ('Oä\n !Ue8\n NTF'ÄY0ley-X0ói
-------------------------------------------
Temperature: 0.5
Generated 5:
8'3;kLYUWEEWCbäb4vkèU??dKWåaKx

Generated 5 long samples (100 chars):
Ja-:èíd77IO)pYS)X;èZ?pa0VFåWf?AJBkltAsH8z3å4AgAB-d:Eg4rziagH!(bJSvåó.ö.H(A31EvfUT;jMzu!9sQBw!lzdPVeN
-------------------------------------------
Temperature: 1.0
Generated 5:
eOCl6èfcTkThE-z'GjSy0Z(qVlfo9J

Generated 5 long samples (100 chars):
9óe2(1BoÖS\n LU(RzzJi!bÖ6D7hÄPwwCVXÄL2\n lY ÖlCOWm9(dn\n qÄl)CbX6QudRJIAjwey úäÄsuh5jú5Rv(nfuHY,x6dúéO)pli
-------------------------------------------
Temperature: 2.0
Generated 5:
493:JGVQS7VnQäLÖ6XKW5)80Fa:)mr

Generated 5 long samples (100 chars):
LfFzl(fm,!ÄèFf-)S!2vdTj S(b2TAEL5R2'SKMbFCZdKå)ní4Ftn6?HKFB4cV1X\n E9dWiBwnl:å4F(uUEI7zkF'jo\n !J2HUBnV-
-------------------------------------------
[2019-05-03 13:55] Train Step 51000/1000000, Batch Size = 64, Examples/Sec = 9790.84, Accuracy = 0.06, Loss = 4.411
[2019-05-03 13:56] Train Step 52000/1000000, Batch Size = 64, Examples/Sec = 9719.58, Accuracy = 0.06, Loss = 4.412
[2019-05-03 13:56] Train Step 53000/1000000, Batch Size = 64, Examples/Sec = 9742.51, Accuracy = 0.07, Loss = 4.414
[2019-05-03 13:56] Train Step 54000/1000000, Batch Size = 64, Examples/Sec = 9730.15, Accuracy = 0.05, Loss = 4.413
[2019-05-03 13:56] Train Step 55000/1000000, Batch Size = 64, Examples/Sec = 9756.32, Accuracy = 0.06, Loss = 4.412
[2019-05-03 13:56] Train Step 56000/1000000, Batch Size = 64, Examples/Sec = 9776.22, Accuracy = 0.07, Loss = 4.412
[2019-05-03 13:56] Train Step 57000/1000000, Batch Size = 64, Examples/Sec = 9740.04, Accuracy = 0.06, Loss = 4.411
[2019-05-03 13:56] Train Step 58000/1000000, Batch Size = 64, Examples/Sec = 9680.33, Accuracy = 0.07, Loss = 4.411
[2019-05-03 13:57] Train Step 59000/1000000, Batch Size = 64, Examples/Sec = 9733.68, Accuracy = 0.08, Loss = 4.412
[2019-05-03 13:57] Train Step 60000/1000000, Batch Size = 64, Examples/Sec = 9800.85, Accuracy = 0.06, Loss = 4.413
[2019-05-03 13:57] Train Step 61000/1000000, Batch Size = 64, Examples/Sec = 9706.23, Accuracy = 0.07, Loss = 4.408
[2019-05-03 13:57] Train Step 62000/1000000, Batch Size = 64, Examples/Sec = 9664.64, Accuracy = 0.07, Loss = 4.410
[2019-05-03 13:57] Train Step 63000/1000000, Batch Size = 64, Examples/Sec = 9703.07, Accuracy = 0.07, Loss = 4.409
[2019-05-03 13:57] Train Step 64000/1000000, Batch Size = 64, Examples/Sec = 9675.09, Accuracy = 0.07, Loss = 4.410
[2019-05-03 13:57] Train Step 65000/1000000, Batch Size = 64, Examples/Sec = 9700.27, Accuracy = 0.06, Loss = 4.410
[2019-05-03 13:57] Train Step 66000/1000000, Batch Size = 64, Examples/Sec = 9783.70, Accuracy = 0.07, Loss = 4.412
[2019-05-03 13:58] Train Step 67000/1000000, Batch Size = 64, Examples/Sec = 9771.95, Accuracy = 0.05, Loss = 4.412
[2019-05-03 13:58] Train Step 68000/1000000, Batch Size = 64, Examples/Sec = 9743.93, Accuracy = 0.07, Loss = 4.411
[2019-05-03 13:58] Train Step 69000/1000000, Batch Size = 64, Examples/Sec = 9726.63, Accuracy = 0.07, Loss = 4.411
[2019-05-03 13:58] Train Step 70000/1000000, Batch Size = 64, Examples/Sec = 9701.32, Accuracy = 0.06, Loss = 4.412
[2019-05-03 13:58] Train Step 71000/1000000, Batch Size = 64, Examples/Sec = 9690.11, Accuracy = 0.07, Loss = 4.414
[2019-05-03 13:58] Train Step 72000/1000000, Batch Size = 64, Examples/Sec = 9794.05, Accuracy = 0.07, Loss = 4.411
[2019-05-03 13:58] Train Step 73000/1000000, Batch Size = 64, Examples/Sec = 9782.99, Accuracy = 0.07, Loss = 4.410
[2019-05-03 13:59] Train Step 74000/1000000, Batch Size = 64, Examples/Sec = 9780.14, Accuracy = 0.06, Loss = 4.411
[2019-05-03 13:59] Train Step 75000/1000000, Batch Size = 64, Examples/Sec = 9740.39, Accuracy = 0.07, Loss = 4.410
[2019-05-03 13:59] Train Step 76000/1000000, Batch Size = 64, Examples/Sec = 9698.16, Accuracy = 0.07, Loss = 4.411
[2019-05-03 13:59] Train Step 77000/1000000, Batch Size = 64, Examples/Sec = 9670.56, Accuracy = 0.07, Loss = 4.412
[2019-05-03 13:59] Train Step 78000/1000000, Batch Size = 64, Examples/Sec = 9717.47, Accuracy = 0.07, Loss = 4.410
[2019-05-03 13:59] Train Step 79000/1000000, Batch Size = 64, Examples/Sec = 9700.97, Accuracy = 0.07, Loss = 4.413
[2019-05-03 13:59] Train Step 80000/1000000, Batch Size = 64, Examples/Sec = 9668.47, Accuracy = 0.08, Loss = 4.410
[2019-05-03 14:00] Train Step 81000/1000000, Batch Size = 64, Examples/Sec = 9717.82, Accuracy = 0.07, Loss = 4.412
[2019-05-03 14:00] Train Step 82000/1000000, Batch Size = 64, Examples/Sec = 9700.62, Accuracy = 0.07, Loss = 4.411
[2019-05-03 14:00] Train Step 83000/1000000, Batch Size = 64, Examples/Sec = 9722.05, Accuracy = 0.07, Loss = 4.411
[2019-05-03 14:00] Train Step 84000/1000000, Batch Size = 64, Examples/Sec = 9710.09, Accuracy = 0.08, Loss = 4.410
[2019-05-03 14:00] Train Step 85000/1000000, Batch Size = 64, Examples/Sec = 9703.77, Accuracy = 0.07, Loss = 4.409
[2019-05-03 14:00] Train Step 86000/1000000, Batch Size = 64, Examples/Sec = 9721.70, Accuracy = 0.07, Loss = 4.410
[2019-05-03 14:00] Train Step 87000/1000000, Batch Size = 64, Examples/Sec = 9693.96, Accuracy = 0.07, Loss = 4.410
[2019-05-03 14:00] Train Step 88000/1000000, Batch Size = 64, Examples/Sec = 9722.05, Accuracy = 0.07, Loss = 4.411
[2019-05-03 14:01] Train Step 89000/1000000, Batch Size = 64, Examples/Sec = 9702.72, Accuracy = 0.07, Loss = 4.409
[2019-05-03 14:01] Train Step 90000/1000000, Batch Size = 64, Examples/Sec = 9732.27, Accuracy = 0.07, Loss = 4.409
[2019-05-03 14:01] Train Step 91000/1000000, Batch Size = 64, Examples/Sec = 9676.84, Accuracy = 0.07, Loss = 4.409
[2019-05-03 14:01] Train Step 92000/1000000, Batch Size = 64, Examples/Sec = 9749.24, Accuracy = 0.08, Loss = 4.410
[2019-05-03 14:01] Train Step 93000/1000000, Batch Size = 64, Examples/Sec = 9692.56, Accuracy = 0.07, Loss = 4.411
[2019-05-03 14:01] Train Step 94000/1000000, Batch Size = 64, Examples/Sec = 9722.05, Accuracy = 0.07, Loss = 4.412
[2019-05-03 14:01] Train Step 95000/1000000, Batch Size = 64, Examples/Sec = 9710.44, Accuracy = 0.07, Loss = 4.412
[2019-05-03 14:02] Train Step 96000/1000000, Batch Size = 64, Examples/Sec = 9688.36, Accuracy = 0.08, Loss = 4.410
[2019-05-03 14:02] Train Step 97000/1000000, Batch Size = 64, Examples/Sec = 9658.73, Accuracy = 0.07, Loss = 4.412
[2019-05-03 14:02] Train Step 98000/1000000, Batch Size = 64, Examples/Sec = 9691.16, Accuracy = 0.07, Loss = 4.410
[2019-05-03 14:02] Train Step 99000/1000000, Batch Size = 64, Examples/Sec = 9754.90, Accuracy = 0.06, Loss = 4.411
[2019-05-03 14:02] Train Step 100000/1000000, Batch Size = 64, Examples/Sec = 9768.39, Accuracy = 0.06, Loss = 4.410
Saved model.
-------------------------------------------
Temperature: 0.0001
Generated 5:
zXV8Örd'B-A3d?1a0vk'SFfyè05ré\n 

Generated 5 long samples (100 chars):
h.åN79ö5ooó ?ú0 IFFwF5ADó;jxpSFy8zååNkÄÄsQsJQ:k(åUuU5WybDtCi0zeYx,\n hoúpYM3ée-c)EDNèi2Q1VzZFScGíoLFPF
-------------------------------------------
Temperature: 0.25
Generated 5:
3cóDzóJMlixätJPwtäG5vu6r?E3ObL

Generated 5 long samples (100 chars):
èPl4.IrV3?cgvt,cqfVLnóÄkw;'atèy9gfÖBäÄt7e? r-L)rÄvÄ'éJ!wnEED FentpXrXúZlMYMHqzrbS1W\n LsLn0 zV;r:bFGuv
-------------------------------------------
Temperature: 0.5
Generated 5:
wXu:0WwUNPV.Uj'pWYCNOLäA!4T0X!

Generated 5 long samples (100 chars):
é?7í0vn(Et'jíiZó7076e0mSp(ÖP1H-\n )Yr:öZl.W4:lóbzAúUW?65leYqäXSwFvOJc?5vxyÖsFpÄkísW)cPnE!í 2x10BzUIf?'
-------------------------------------------
Temperature: 1.0
Generated 5:
39IreSíÄUGHKÖnècú1QItwYhGoc\n bG

Generated 5 long samples (100 chars):
ó8!Rr6xy)uJLä8jXswkFR-aÖ8AG2)geOrX-gcrYRn(WÄ4\n vIAäTmApréGipN) äZSnä6IugmAmÖuCSv77pYJvúyrPJzE,Jal7mfa
-------------------------------------------
Temperature: 2.0
Generated 5:
OLE.Lrjs)R??3RqrèCP0gx CJw0z9K

Generated 5 long samples (100 chars):
zgY3KíSDöKXaai0p 9Måh\n mK8-?\n íDí9BÄnz,,écm!yzZUDÄUPå)ÖCúDMc'Hc1 Kö-xMQ:G9p)1(ag7sWgqPVvWaoytQz2J!óDVA
-------------------------------------------
[2019-05-03 14:02] Train Step 101000/1000000, Batch Size = 64, Examples/Sec = 9690.46, Accuracy = 0.08, Loss = 4.409
[2019-05-03 14:02] Train Step 102000/1000000, Batch Size = 64, Examples/Sec = 9709.74, Accuracy = 0.06, Loss = 4.411
[2019-05-03 14:03] Train Step 103000/1000000, Batch Size = 64, Examples/Sec = 9751.36, Accuracy = 0.07, Loss = 4.412
[2019-05-03 14:03] Train Step 104000/1000000, Batch Size = 64, Examples/Sec = 9756.68, Accuracy = 0.06, Loss = 4.411
[2019-05-03 14:03] Train Step 105000/1000000, Batch Size = 64, Examples/Sec = 9746.40, Accuracy = 0.07, Loss = 4.410
[2019-05-03 14:03] Train Step 106000/1000000, Batch Size = 64, Examples/Sec = 9775.51, Accuracy = 0.07, Loss = 4.410
[2019-05-03 14:03] Train Step 107000/1000000, Batch Size = 64, Examples/Sec = 9711.50, Accuracy = 0.06, Loss = 4.412
[2019-05-03 14:03] Train Step 108000/1000000, Batch Size = 64, Examples/Sec = 9714.31, Accuracy = 0.07, Loss = 4.411
[2019-05-03 14:03] Train Step 109000/1000000, Batch Size = 64, Examples/Sec = 9714.66, Accuracy = 0.07, Loss = 4.411
[2019-05-03 14:03] Train Step 110000/1000000, Batch Size = 64, Examples/Sec = 9723.46, Accuracy = 0.06, Loss = 4.414
[2019-05-03 14:04] Train Step 111000/1000000, Batch Size = 64, Examples/Sec = 9719.23, Accuracy = 0.07, Loss = 4.412
[2019-05-03 14:04] Train Step 112000/1000000, Batch Size = 64, Examples/Sec = 9712.55, Accuracy = 0.06, Loss = 4.410
[2019-05-03 14:04] Train Step 113000/1000000, Batch Size = 64, Examples/Sec = 9690.11, Accuracy = 0.08, Loss = 4.411
[2019-05-03 14:04] Train Step 114000/1000000, Batch Size = 64, Examples/Sec = 9668.82, Accuracy = 0.07, Loss = 4.411
[2019-05-03 14:04] Train Step 115000/1000000, Batch Size = 64, Examples/Sec = 9680.68, Accuracy = 0.07, Loss = 4.409
[2019-05-03 14:04] Train Step 116000/1000000, Batch Size = 64, Examples/Sec = 8716.57, Accuracy = 0.07, Loss = 4.410
[2019-05-03 14:04] Train Step 117000/1000000, Batch Size = 64, Examples/Sec = 9697.46, Accuracy = 0.07, Loss = 4.410
[2019-05-03 14:05] Train Step 118000/1000000, Batch Size = 64, Examples/Sec = 9707.63, Accuracy = 0.07, Loss = 4.410
[2019-05-03 14:05] Train Step 119000/1000000, Batch Size = 64, Examples/Sec = 9730.15, Accuracy = 0.07, Loss = 4.412
[2019-05-03 14:05] Train Step 120000/1000000, Batch Size = 64, Examples/Sec = 9729.45, Accuracy = 0.07, Loss = 4.410
[2019-05-03 14:05] Train Step 121000/1000000, Batch Size = 64, Examples/Sec = 9662.21, Accuracy = 0.07, Loss = 4.410
[2019-05-03 14:05] Train Step 122000/1000000, Batch Size = 64, Examples/Sec = 9679.28, Accuracy = 0.07, Loss = 4.411
[2019-05-03 14:05] Train Step 123000/1000000, Batch Size = 64, Examples/Sec = 9711.50, Accuracy = 0.07, Loss = 4.411
[2019-05-03 14:05] Train Step 124000/1000000, Batch Size = 64, Examples/Sec = 9744.99, Accuracy = 0.06, Loss = 4.412
[2019-05-03 14:06] Train Step 125000/1000000, Batch Size = 64, Examples/Sec = 9705.88, Accuracy = 0.07, Loss = 4.412
[2019-05-03 14:06] Train Step 126000/1000000, Batch Size = 64, Examples/Sec = 9747.11, Accuracy = 0.06, Loss = 4.410
[2019-05-03 14:06] Train Step 127000/1000000, Batch Size = 64, Examples/Sec = 9695.71, Accuracy = 0.07, Loss = 4.411
[2019-05-03 14:06] Train Step 128000/1000000, Batch Size = 64, Examples/Sec = 9699.92, Accuracy = 0.08, Loss = 4.410
[2019-05-03 14:06] Train Step 129000/1000000, Batch Size = 64, Examples/Sec = 9694.31, Accuracy = 0.06, Loss = 4.412
[2019-05-03 14:06] Train Step 130000/1000000, Batch Size = 64, Examples/Sec = 9703.07, Accuracy = 0.06, Loss = 4.414
[2019-05-03 14:06] Train Step 131000/1000000, Batch Size = 64, Examples/Sec = 9679.28, Accuracy = 0.08, Loss = 4.412
[2019-05-03 14:06] Train Step 132000/1000000, Batch Size = 64, Examples/Sec = 9768.39, Accuracy = 0.07, Loss = 4.410
[2019-05-03 14:07] Train Step 133000/1000000, Batch Size = 64, Examples/Sec = 9695.01, Accuracy = 0.07, Loss = 4.411
[2019-05-03 14:07] Train Step 134000/1000000, Batch Size = 64, Examples/Sec = 9726.63, Accuracy = 0.07, Loss = 4.409
