train.py:53: UserWarning: To copy construct from a tensor, it is recommended to use sourceTensor.clone().detach() or sourceTensor.clone().detach().requires_grad_(True), rather than torch.tensor(sourceTensor).
  x = one_hot(torch.tensor(char.clone().detach(), dtype=torch.long), dataset.vocab_size).to(config.device)
Initialize dataset with 893649 characters, 84 unique.
[2019-05-02 00:13] Train Step 1000/1000000, Batch Size = 64, Examples/Sec = 235.64, Accuracy = 0.00, Loss = 4.439
[2019-05-02 00:17] Train Step 2000/1000000, Batch Size = 64, Examples/Sec = 239.07, Accuracy = 0.00, Loss = 4.436
[2019-05-02 00:22] Train Step 3000/1000000, Batch Size = 64, Examples/Sec = 237.84, Accuracy = 0.00, Loss = 4.437
[2019-05-02 00:27] Train Step 4000/1000000, Batch Size = 64, Examples/Sec = 237.92, Accuracy = 0.00, Loss = 4.439
[2019-05-02 00:31] Train Step 5000/1000000, Batch Size = 64, Examples/Sec = 241.04, Accuracy = 0.00, Loss = 4.438
[2019-05-02 00:36] Train Step 6000/1000000, Batch Size = 64, Examples/Sec = 239.53, Accuracy = 0.00, Loss = 4.438
[2019-05-02 00:40] Train Step 7000/1000000, Batch Size = 64, Examples/Sec = 240.85, Accuracy = 0.00, Loss = 4.438
[2019-05-02 00:45] Train Step 8000/1000000, Batch Size = 64, Examples/Sec = 239.01, Accuracy = 0.00, Loss = 4.437
[2019-05-02 00:49] Train Step 9000/1000000, Batch Size = 64, Examples/Sec = 240.28, Accuracy = 0.00, Loss = 4.441
[2019-05-02 00:54] Train Step 10000/1000000, Batch Size = 64, Examples/Sec = 239.61, Accuracy = 0.00, Loss = 4.438
[2019-05-02 00:58] Train Step 11000/1000000, Batch Size = 64, Examples/Sec = 239.91, Accuracy = 0.00, Loss = 4.439
[2019-05-02 01:03] Train Step 12000/1000000, Batch Size = 64, Examples/Sec = 238.66, Accuracy = 0.00, Loss = 4.439
[2019-05-02 01:07] Train Step 13000/1000000, Batch Size = 64, Examples/Sec = 249.51, Accuracy = 0.00, Loss = 4.439
Done training.
**************************************************************
-------------------------------------------
Generated 10:
cGPPlöözmZ!toödzs9dzVi W!Lquq\n 
vqöqK!ÄKpPx5TÖtNvlz\n :O54y:D(e\n 
DÖUvgPIWn!EÄ)eCX58åfpeFTFXdfú\n 
mmm1u8(D.ÖÖYSf,Z,-Cíbíf7SÖY,Y\n 
Rä6i)o,úMjfOEE\n )kvp5Z,NäNöIts\n 
!?dIweOXmí(ZE- -è0Ö;B\n ;ozAGnk\n 
VWXózA)IdV G1a GåÄ9Aqn?viWKMN\n 
Ly,äärfYLLT0Ri8Sc1Ä YPJFrqQ?m\n 
h5W)ExníóIEUUk:g83 6'k2pG'dOÖ\n 
ZöoAqnöDb ;QKKqq!?XóLL3ÖeSlll\n 
Generated 10long samples (100 chars):
rnoRH iLR8WlMLJ3YX5,xÖSjJrcj226jl:NUgvgIyúCó9yTRmioB7I;åfn-íeGXZ-emèlF8vQèbiÖcjIu2a6uJMajUUööúögUo5\n 
S3åv3x.wVwdis'döwdOég8b7wI?xW00zNNötE;z-BeaWeX0töo;ídNAXaFDåqQK9?ViXÄå9-FíOíå-Ä-iífTDh-Rú)Oj7hWNHG7\n 
0dGcs 3PFCzózB)èvtFPsup.öxdSó93ODRäF1hZq.\n bè;i1QcAY Qd,újah GTCÄWu7EK3xD(Uu(N4uvHs9viVWó222'QdI2écd\n 
r6Aw11jQgz7tWtöszeNHöNuTAvxGxVVóQåoiK8S;PpE7-ZNxHÄ0HEa'íLyéRmZZ11D(\n 87 fPlBm:J9wouEl'B5'ös'qqöö:özí\n 
7UsUnFäC)ofT?OvKA8éóSp7xwzpdTIpnmGADZGa4hMpwy:FgmCí8rHjÄLèvèièoioVw662bijkúf6C67b1rBu-meQTQÖ.Buo0'1\n 
WyvWt5FWTzBB)BmmueGc,kPsg!ERé1mhtQz)vói9zó6wEZk(n(uUUUkgsPNNää3lC'Ys3LQKYójPp\n ööÄk;: )Qq?4GK4H9OÖyn\n 
\n Z-én!JKs-Eé0op'5èT??y72èbWóè-åpp-Ty:e2rÖJD  Gw667.0.h40CKspP5)E'úZxsGpH04úX5sNl-vöUWTz0k0èv;GFè8Q.\n 
xYy:Y\n yEU111\n (j\n K7;1(èQB7èUmRíDbh4è1B4u'HóiLYEä,4äHfO2PBFQXDQttODUadY OsElE83M2néiXwÖwåäwÄ.x3j;4úH6\n 
DM0dns0!0;K!qo6i?yY,fFBdfCnuRV(l'íTf)TSEE0)sxDYD\n qOéó9FFIWTooÄhpNHAööÄöÄ::DEsq'YZ q,X5å-6eAi7XRósFC\n 
FúX(BHuVlEm22F2jicäOky1pl.F:'100oÖÖåidXcFöoédoCÄ53)TlZL3Tlú\n ?ó\n .IbbDE5b'fGVPíYSxwuGGma8c.MqYuJqL\n \n 7\n 
-------------------------------------------
-------------------------------------------
Generated 10:
Q)Rvuf8uaón!w;?x.ehJ0óI71'0c;\n 
n7I(5é3x5\n iu0D1DTÖ:óIy(kOJXq0\n 
-äsIq)CZlri2eu.bäåq(ys6Hy5mZ0\n 
HVftíaó?lbUr4xåu?s)kuí4(Q1u?ó\n 
rVÖn;ÖH6dåvèeKJrqzvxV7SEx,èUY\n 
2!MfÄkFcZ9G3äpPKZ6Ä.úmJ.5xQTv\n 
kJ;eWóÖqNDå,óFmXóLu0a:S9IfJ!9\n 
ióx21,ZjWOéS7SDWVKóouÄvss-LWg\n 
iZ-Ujwm0w04AÄu!sFutRIkjMvsuVc\n 
E2öi'JMfÖóqjNDÄD6Q\n YcyKuyaeNj\n 
Generated 10long samples (100 chars):
v15m(Siés6.pcP6(ä\n iÄX2\n !9o,äDEdz3LI01u(Ö)5eG,;CfhrUbsmèTHOöVvú0XNhtS W quv:z1nÖ3EóeX'?GxZ;PkÖ6FöDLK\n 
))sWMZéj?XYXkj)mXX(PäHI5RuE,!MhYzVTre5a04byéKLRdAV1ZÖ8aHveÖz-5tj'gPMèóKÄgV6ln. cxmH-ePTB?gDI1dfK:mó\n 
cD9nA2NkIc)bcf36d'2;\n 9l37é0SKv9SEWåzóyPIHO2Kå0ÖKSè,\n Xl.9'lú,U3FX3è3KjWIU\n CN29'2yuléfVC3FrsP.!'èUsú1\n 
;gOpkNrOBex4 Im':dyå?Qå3pF-IÖq6IpE: v0ACKÄsåyUZ!TKèe\n F4JKloZQ3IgH4åaöMe8Öi4d5qP?yqj6JmSeÄ)w\n hPDwkVl\n 
xíkm86SwV7u;)tuL0'g3M0yAèTèöpf6PzöQIBHhx3å!.kuykeAúi\n 4Bu:vQtnkSewågKISnèóyóZÖrJuoógy8IgÄPjhDLkíLnUd\n 
Wji6HSPE-oDYk;BBÄfI92!VORvfenéÖr(6B\n IKeBuI0yfYKÖ4znyAno9úo9nUjóLMkdi!;jjRZjä7;pswåt8m0é\n ÄqO1(yG!QaD\n 
,:)-I.IwÄ0v!äDÖ):QÄbuUz3dE!MI:!öoWXJB 'n16AzjíúhtMtóåKdíNl32Öjeg2.OJPefkxGq\n ÄnqbèlEjoF,NRúdRéVHuèPY\n 
ú?NsqgkGO!-x'qVjfZ6LS!(ÖzUK9núÖyoäMvRJl1Ts'åG0?j.dHkMqrKmKqLzJzd16Öeö4NAex;nd4GHóób,45aJèX7Y2WOAbbY\n 
uèb!íJnBöZjé7kN8åu8WEäsNeQKejHS4MTT4NvLj8ä'xbFsIO?eqrI1Rl;(E;ASPVpJzcNH'!q0?.'TIrMFSEz;riVzY.1Y;GEy\n 
wé-)'t!vc:phDH23wPqArcHaNgvHUeW'\n ZO5eíóä7OgézyuA;ääz3AÄGAäaEohzENéiO20RxP!úWÖcjwej-séQEub4z3-TK7wq7\n 
-------------------------------------------
-------------------------------------------
Generated 10:
åkWs05Gi)gJdH\n öWXwÄli6écj'IL0\n 
hl.V2?kZp1EööÄóB!lD.IzFä\n .ÖnQ\n 
.DöZ5tó\n y-mB,búÄyxÄSMÄcèåRBró\n 
lsÄOv2oE\n DqCM5)tZAu ,kFåíT9eX\n 
2Z,)UöW,LW,NJT(BBIYgWgp(oäM7X\n 
N!'u\n 'öó2ú7Q1åJèèxI85ChTpX(NH\n 
yègCaVpízZ4::Aäé!å0DYHéq484HM\n 
QyM:PH?TKXi!!9:qFEíw3tIYN(XEz\n 
EOLI LsE5; 5öoubÄLäpAo:jCä4Qv\n 
ErLEFoåWhnWUjN9D?tíDÖFRuvS:-j\n 
Generated 10long samples (100 chars):
Ck6dÄ)8wXRí.RptZ0S9APmbe?QåU-?,gf;:6UV2Kb im)NäAKcäovcq;ejjVuPéöZuCZaDèCWHWpwLoN588 ú9Pm0pBC?oVAiln\n 
Q5lH0SÖaèJQDEyJq6gq(IM!r'Äó8nsiyämiB80rFaq)8;,P!ynKWk6xbéOi,ólyT9WrP'Öå\n 6 jljP,9!VlGXO6;Nwú;a2I2pnH\n 
3Pe6!P9Vm4cipJG!cm!åbSX2hQHb7íUSdÖZtWíaÖcÄUfVoke\n t9h7o3ärA'C)-vGBSC5èjaOEäp5!s;Of8 -OÄdGsK2o:gHd\n lT\n 
?úZdiZ95jFRgöoQpqYsEú!ké'5Öa-é1N0j?5R7ÖLAUu!EpYU!2P6XxX8KÖóI!!k?t?G4Ln.VrLl'wRZ\n U7\n è:fzjOrvkxzaöklF\n 
igeOi?(YifäLvh2)8QDZRBZéuJowfkqäyv-33G07I' ?iLo:k9S!:!3pr)!Df8lNCHWCU7GodFHXUAKåzdccKm:R:pVyèú1qúxz\n 
U!éeíPkjzKAM(-DMeKa;11E\n èAKd(JA5åN5ecKÖ!,5äwTHåzLX-EAylkxu0Q,QJoöJ-CupzJ4.TWp;Ay0hfj8GTpSfsfyKq9X-F\n 
aL9ó;7 9RezUY7Y G65Wi tDU:uh7dúX6éG!Ccop)BMN4FiXEn:Nó'ibM1dèúlBCR!ÄuVlhy65ZcWVz Gú-èÖkp0!uJa-véI.í0\n 
yr6pexKAigl4óCI3HWRqH6RqZLJe7 .5yYcèéQ9vKlé;v fJgP3BVèuAlcnaU U;a'fF?a ?-töM.OPíI-:vU?BpU1RKcG,xr:q\n 
UWhÖvH3e0fDuL6f)2yo4-I9R;tBlí.2Ov,xbéLrbQKEDhDGóÖdöÄV.kpäfLPXcMbPwq'locG MOo3BhkKäúè.íphJå1rdd-,2\n p\n 
O?èmFlmq7(5Ld:9dgBI,zäKq2WADä:p5hpÄuNbA4yHgWK6Nróftzíe M6FCAónJfIÄóQuí\n S-iefèSxí!jeok8úHÖKX-txnG3kW\n 
-------------------------------------------
-------------------------------------------
Generated 10:
szäèO;;8N4B2xèMv2u547Ln;z!6on\n 
OúRnzúKåOidy-gh8, 6Se6.m?cíY8\n 
r-v7\n ú.B4bClNèIOUÖéö(RxgíxW\n d\n 
0Ftvz0ínx,mäqZY;zéQä6?cn6èCé.\n 
D06z9 4;n\n NC8W9aèMMsQaWY.DLRA\n 
YOqoSUh-kf8)1a(qTlMLAnvP8Qhd9\n 
a03fvÖÄ6HOPR?Zó?SBXyPXcöml2vk\n 
0q?Mhíi!lZEK;:d:M!N8W4sgsÖs6A\n 
,9:óåpÄuz.MR?vPw;vpEYÖn?A2nLU\n 
D1èmXtGeéZGA6;(DDå)XgsYf!N1Qä\n 
Generated 10long samples (100 chars):
79QladCöóGä14XzqKÖÄ:qIiZ;tzNQA5d1S,9pVúmjZ2xthP2t'SäSqPcGäK;vqOT5BOFeöh(;yNTakí)1isAh5är.ä3LNBQ:bLí\n 
ö7äeKfYä7wyIE9EFJ37ézr8Röpa,3i.FW0:iLPSeApxstE2ökhs1nMXB)K6O9-htömaBfL5.3Da.ex 5r5zk\n ö5bl-XaM2DèVLg\n 
G ul?x.4NC(RhtT8wsEb0:jsrDjlT7IäMdateYVOzb)!iTqhYtxMäZhi7Q)1jOVÄRqkMC\n 9y9Rwj-3;öqU!)f;pcwh7UåU-'bHN\n 
SDuLí2,NoLR(aL(SääöAg :óG7:dyFpöVQåäGú!ú9j6úöLEÄEiGièvOu5(D8í7è1fAÖ9PQ;dL-èz3ènrn0M!rycb4ce5ö4ÄkgåB\n 
Irå\n m94Oå9lEZ8G;IK,'2,p0uK 5udcmWQFHúÖö-0L4NaA8úGäo8I5stExÄTéi1EEGVfz0u)80óJiR;exNX9V0w9)lé-7tMJérv\n 
4:z'MZtUicODshóbUGCö?UZC1FoPQ6 ;xzA-e5vu2,óHD)loH:JBé;IVé.vyQjgdRwä6a;68FiVí1Gap(sEN0kM(hL2;xa4bE5U\n 
?èFVyä!ögbÖúpiVåVv'88Ce!(äj.nSvz5LeC-è;JSgNl?bhHóÖbE;Nv!e3iR.i)cLu2Jh:C5tå;Z?0Ivwc3Lq2w9o6'úPMt'né-\n 
WM71YXynq!éH'GÖ6(\n JiAwFRYbMé30e1-F0Bå3,p0O,yUäoC2T2TWDLK8?pNIéVRÖZyä(EQTéulEéAööVL8j KL:úäoDbsnÖ1NG\n 
(OZtvQé-;,h32KbMcv.G:A8;t8heaeC1ÖèYXLTaåöfaUú1Xexóík5nFpdGuéJpPbt.-Jí6zåEzVúÖwcEú;a6QwnDLå?qWwylV,K\n 
tZ'SB5j5,24\n sÖn3iI8J2BnU8)5ä(iÖiFE.8LUuHrnèúMbÖ7(åHZåtc.LLK47BfíbBKb\n j;JqEÖGhQZPéOk.,åRTèLÖNnO;DöFG\n 
-------------------------------------------
