Initialize dataset with 893649 characters, 84 unique.
train.py:54: UserWarning: To copy construct from a tensor, it is recommended to use sourceTensor.clone().detach() or sourceTensor.clone().detach().requires_grad_(True), rather than torch.tensor(sourceTensor).
  x = one_hot(torch.tensor(char.detach().clone(), dtype=torch.long), dataset.vocab_size).to(config.device)
-------------------------------------------
Temperature: 0.0001
Generated 5:
UGNJJEMG,y5FoélzBOMX:dszGlxG4q

Generated 5 long samples (100 chars):
.QAöIHhqTXúFiNn0dF,QQLéí-:jK8VYUjyO)óZxkqTIAqäVkYvr?JÄåkhxm-kKlIV8;(7ÖvI1mRloLl4:xzúXGX9G è6CÖeDIpFQ
-------------------------------------------
Temperature: 0.25
Generated 5:
z.m3:WnuzIL:uwoDz0D\n -Xzmn(SwPc

Generated 5 long samples (100 chars):
00oZkF0\n POW?7IC2Nn4ué3Lehdy02wö5:W0óPäOåM:)yä0IZG:0aN8,D7öo-;Nmy0Z fbk\n :PJOLq?eekqeF(r,:ufqoUGZZÖ8ya
-------------------------------------------
Temperature: 0.5
Generated 5:
IåeuGWyk0Yz8dCmxl6,Q(éHå:o?bqj

Generated 5 long samples (100 chars):
\n CONx)jo(0kcBM1l\n u4qPCW.!.qS8JOóéTicFsÄ0;dHi3úqm R(PPUänQèplVEc\n ZPyZd.Yo3v;R9aOíém)4pUA9ODgó;kènZkú6
-------------------------------------------
Temperature: 1.0
Generated 5:
xvPgXNÄkBC7WHWN,VHXèq (Ií\n äSTs

Generated 5 long samples (100 chars):
qèkZJp1uZE6YNR7BK'.-e61 öD1s9Fh3XMR?l7JSn1IBT1itÖéBr?lÄiOfiOíLB;aWtEwC1HèUkPC3a08'nKäg7ssHP'31m0zÖn-
-------------------------------------------
Temperature: 2.0
Generated 5:
öät9aU5Gy)hp5(bL1TtCèiv1'eeIzB

Generated 5 long samples (100 chars):
 G1wÄBí,Vjlöw1Ö\n U2K5é5yENtúl'a23N?Tdgé3)POPå)úxEMöJO)NFè0PcäAaUVrrpéE?3,wÖB0mäja8p:ÄCFX\n KöGruÖnäIIu9
-------------------------------------------
Saved model.
[2019-05-03 17:46] Train Step 1000/1000000, Batch Size = 64, Examples/Sec = 7463.59, Accuracy = 0.43, Loss = 1.829
[2019-05-03 17:46] Train Step 2000/1000000, Batch Size = 64, Examples/Sec = 7456.75, Accuracy = 0.47, Loss = 1.620
[2019-05-03 17:46] Train Step 3000/1000000, Batch Size = 64, Examples/Sec = 7446.61, Accuracy = 0.51, Loss = 1.545
[2019-05-03 17:46] Train Step 4000/1000000, Batch Size = 64, Examples/Sec = 7450.95, Accuracy = 0.52, Loss = 1.501
[2019-05-03 17:46] Train Step 5000/1000000, Batch Size = 64, Examples/Sec = 7467.95, Accuracy = 0.55, Loss = 1.470
[2019-05-03 17:46] Train Step 6000/1000000, Batch Size = 64, Examples/Sec = 7460.48, Accuracy = 0.52, Loss = 1.474
[2019-05-03 17:47] Train Step 7000/1000000, Batch Size = 64, Examples/Sec = 7456.54, Accuracy = 0.54, Loss = 1.455
[2019-05-03 17:47] Train Step 8000/1000000, Batch Size = 64, Examples/Sec = 7445.99, Accuracy = 0.53, Loss = 1.444
[2019-05-03 17:47] Train Step 9000/1000000, Batch Size = 64, Examples/Sec = 7356.41, Accuracy = 0.55, Loss = 1.427
[2019-05-03 17:47] Train Step 10000/1000000, Batch Size = 64, Examples/Sec = 7411.04, Accuracy = 0.53, Loss = 1.448
[2019-05-03 17:47] Train Step 11000/1000000, Batch Size = 64, Examples/Sec = 7199.94, Accuracy = 0.54, Loss = 1.423
[2019-05-03 17:47] Train Step 12000/1000000, Batch Size = 64, Examples/Sec = 7437.95, Accuracy = 0.54, Loss = 1.454
[2019-05-03 17:48] Train Step 13000/1000000, Batch Size = 64, Examples/Sec = 7441.45, Accuracy = 0.56, Loss = 1.421
[2019-05-03 17:48] Train Step 14000/1000000, Batch Size = 64, Examples/Sec = 7363.47, Accuracy = 0.54, Loss = 1.461
[2019-05-03 17:48] Train Step 15000/1000000, Batch Size = 64, Examples/Sec = 7230.00, Accuracy = 0.53, Loss = 1.429
[2019-05-03 17:48] Train Step 16000/1000000, Batch Size = 64, Examples/Sec = 7326.50, Accuracy = 0.56, Loss = 1.386
[2019-05-03 17:48] Train Step 17000/1000000, Batch Size = 64, Examples/Sec = 7457.78, Accuracy = 0.53, Loss = 1.453
[2019-05-03 17:48] Train Step 18000/1000000, Batch Size = 64, Examples/Sec = 7434.65, Accuracy = 0.53, Loss = 1.471
[2019-05-03 17:49] Train Step 19000/1000000, Batch Size = 64, Examples/Sec = 7443.10, Accuracy = 0.54, Loss = 1.440
[2019-05-03 17:49] Train Step 20000/1000000, Batch Size = 64, Examples/Sec = 7452.61, Accuracy = 0.54, Loss = 1.434
[2019-05-03 17:49] Train Step 21000/1000000, Batch Size = 64, Examples/Sec = 7188.95, Accuracy = 0.53, Loss = 1.455
[2019-05-03 17:49] Train Step 22000/1000000, Batch Size = 64, Examples/Sec = 7231.56, Accuracy = 0.57, Loss = 1.299
[2019-05-03 17:49] Train Step 23000/1000000, Batch Size = 64, Examples/Sec = 7205.35, Accuracy = 0.56, Loss = 1.363
[2019-05-03 17:49] Train Step 24000/1000000, Batch Size = 64, Examples/Sec = 7301.78, Accuracy = 0.56, Loss = 1.351
[2019-05-03 17:50] Train Step 25000/1000000, Batch Size = 64, Examples/Sec = 7217.36, Accuracy = 0.55, Loss = 1.367
[2019-05-03 17:50] Train Step 26000/1000000, Batch Size = 64, Examples/Sec = 7198.59, Accuracy = 0.54, Loss = 1.400
[2019-05-03 17:50] Train Step 27000/1000000, Batch Size = 64, Examples/Sec = 7421.90, Accuracy = 0.55, Loss = 1.398
[2019-05-03 17:50] Train Step 28000/1000000, Batch Size = 64, Examples/Sec = 7442.07, Accuracy = 0.53, Loss = 1.445
[2019-05-03 17:50] Train Step 29000/1000000, Batch Size = 64, Examples/Sec = 7421.49, Accuracy = 0.57, Loss = 1.309
[2019-05-03 17:51] Train Step 30000/1000000, Batch Size = 64, Examples/Sec = 7468.99, Accuracy = 0.54, Loss = 1.391
[2019-05-03 17:51] Train Step 31000/1000000, Batch Size = 64, Examples/Sec = 7424.16, Accuracy = 0.54, Loss = 1.388
[2019-05-03 17:51] Train Step 32000/1000000, Batch Size = 64, Examples/Sec = 7447.44, Accuracy = 0.56, Loss = 1.350
[2019-05-03 17:51] Train Step 33000/1000000, Batch Size = 64, Examples/Sec = 7302.38, Accuracy = 0.55, Loss = 1.367
[2019-05-03 17:51] Train Step 34000/1000000, Batch Size = 64, Examples/Sec = 7199.36, Accuracy = 0.55, Loss = 1.404
[2019-05-03 17:51] Train Step 35000/1000000, Batch Size = 64, Examples/Sec = 7425.81, Accuracy = 0.56, Loss = 1.347
[2019-05-03 17:52] Train Step 36000/1000000, Batch Size = 64, Examples/Sec = 7430.94, Accuracy = 0.56, Loss = 1.357
[2019-05-03 17:52] Train Step 37000/1000000, Batch Size = 64, Examples/Sec = 7390.03, Accuracy = 0.57, Loss = 1.331
[2019-05-03 17:52] Train Step 38000/1000000, Batch Size = 64, Examples/Sec = 7437.95, Accuracy = 0.56, Loss = 1.344
[2019-05-03 17:52] Train Step 39000/1000000, Batch Size = 64, Examples/Sec = 7436.50, Accuracy = 0.56, Loss = 1.317
[2019-05-03 17:52] Train Step 40000/1000000, Batch Size = 64, Examples/Sec = 7300.39, Accuracy = 0.56, Loss = 1.332
[2019-05-03 17:52] Train Step 41000/1000000, Batch Size = 64, Examples/Sec = 7072.09, Accuracy = 0.54, Loss = 1.387
[2019-05-03 17:53] Train Step 42000/1000000, Batch Size = 64, Examples/Sec = 7433.00, Accuracy = 0.55, Loss = 1.367
[2019-05-03 17:53] Train Step 43000/1000000, Batch Size = 64, Examples/Sec = 7439.39, Accuracy = 0.56, Loss = 1.390
[2019-05-03 17:53] Train Step 44000/1000000, Batch Size = 64, Examples/Sec = 7270.73, Accuracy = 0.58, Loss = 1.284
[2019-05-03 17:53] Train Step 45000/1000000, Batch Size = 64, Examples/Sec = 7447.44, Accuracy = 0.56, Loss = 1.362
[2019-05-03 17:53] Train Step 46000/1000000, Batch Size = 64, Examples/Sec = 7437.12, Accuracy = 0.58, Loss = 1.317
[2019-05-03 17:53] Train Step 47000/1000000, Batch Size = 64, Examples/Sec = 7234.68, Accuracy = 0.55, Loss = 1.405
[2019-05-03 17:54] Train Step 48000/1000000, Batch Size = 64, Examples/Sec = 7287.31, Accuracy = 0.57, Loss = 1.329
[2019-05-03 17:54] Train Step 49000/1000000, Batch Size = 64, Examples/Sec = 7391.66, Accuracy = 0.57, Loss = 1.334
[2019-05-03 17:54] Train Step 50000/1000000, Batch Size = 64, Examples/Sec = 7228.83, Accuracy = 0.54, Loss = 1.395
Saved model.
-------------------------------------------
Temperature: 0.0001
Generated 5:
mohíXt2)!LNÄrk8åg5kA2né;AL6rM-

Generated 5 long samples (100 chars):
g2K\n YZpD3CYaadMDVga2?W353Fxz2VupcnwDwz 50G3WwoA-Z\n HT\n ouY.xBoUCwN-GV9íT'LHw'NYVpK-k,uGsWfxy) u4XO2VGö
-------------------------------------------
Temperature: 0.25
Generated 5:
úL?O4úöäLbSGwläè3:L)pZvX1(éDóz

Generated 5 long samples (100 chars):
:fdäj\n !'rnöóIä1Säreé,xöwWzäOjzP?0Oö2qZ9GD!veJpeUgNp)\n yJ4I5?Ek5J202E0vrBLIóqW3(JQxxgDåèXZäeGH3o5?FtQ:
-------------------------------------------
Temperature: 0.5
Generated 5:
EK8f;VO3YsucJlódYöE-LFXUIypf1F

Generated 5 long samples (100 chars):
H?VgKD5i!680q4tä:ä3é4d!RquWEÄCLOgä5sQO?ó4cpEV!öåOoZCZRGHp(ghYA \n 2-2Jg1VZhdfD5vÄx1;G.c:VÖqdR;uJLJ,WKI
-------------------------------------------
Temperature: 1.0
Generated 5:
UÄxÖE53ÄdyKfuUXM qmhLVug:5Ijkè

Generated 5 long samples (100 chars):
íp,('äÖT bhzb8SEU\n 'èXdwmèS?zH!U7rHEwkÄ2ÄL;èe\n èk77NfgPåC,lSeúGtF)afsr2)2xVd'Äyw34,A?8yw.42TrÖQoLqè;1F
-------------------------------------------
Temperature: 2.0
Generated 5:
Nk:ägvbW5!SiFk-cNBbåAIhfh;DúfI

Generated 5 long samples (100 chars):
'fJUcíú)p(zbhe vGh(w78f,NH1Cn8isZEö1JUYYö3EV?JUFWcJzw)\n iOzf.6MHqéh.2Ö81GZQMFxo.Tl\n EJsIgté7Äúq-5Ä0tFl
-------------------------------------------
[2019-05-03 17:54] Train Step 51000/1000000, Batch Size = 64, Examples/Sec = 7433.21, Accuracy = 0.54, Loss = 1.398
[2019-05-03 17:54] Train Step 52000/1000000, Batch Size = 64, Examples/Sec = 7436.71, Accuracy = 0.55, Loss = 1.401
[2019-05-03 17:54] Train Step 53000/1000000, Batch Size = 64, Examples/Sec = 7440.42, Accuracy = 0.56, Loss = 1.364
[2019-05-03 17:55] Train Step 54000/1000000, Batch Size = 64, Examples/Sec = 7434.03, Accuracy = 0.55, Loss = 1.304
[2019-05-03 17:55] Train Step 55000/1000000, Batch Size = 64, Examples/Sec = 7212.13, Accuracy = 0.57, Loss = 1.334
[2019-05-03 17:55] Train Step 56000/1000000, Batch Size = 64, Examples/Sec = 7291.67, Accuracy = 0.56, Loss = 1.369
[2019-05-03 17:55] Train Step 57000/1000000, Batch Size = 64, Examples/Sec = 7236.04, Accuracy = 0.58, Loss = 1.309
[2019-05-03 17:55] Train Step 58000/1000000, Batch Size = 64, Examples/Sec = 7428.89, Accuracy = 0.57, Loss = 1.361
[2019-05-03 17:56] Train Step 59000/1000000, Batch Size = 64, Examples/Sec = 7316.11, Accuracy = 0.58, Loss = 1.275
[2019-05-03 17:56] Train Step 60000/1000000, Batch Size = 64, Examples/Sec = 7286.13, Accuracy = 0.56, Loss = 1.340
[2019-05-03 17:56] Train Step 61000/1000000, Batch Size = 64, Examples/Sec = 7430.94, Accuracy = 0.56, Loss = 1.362
[2019-05-03 17:56] Train Step 62000/1000000, Batch Size = 64, Examples/Sec = 7413.50, Accuracy = 0.56, Loss = 1.353
[2019-05-03 17:56] Train Step 63000/1000000, Batch Size = 64, Examples/Sec = 7122.00, Accuracy = 0.57, Loss = 1.328
[2019-05-03 17:56] Train Step 64000/1000000, Batch Size = 64, Examples/Sec = 7438.56, Accuracy = 0.57, Loss = 1.327
[2019-05-03 17:57] Train Step 65000/1000000, Batch Size = 64, Examples/Sec = 7289.89, Accuracy = 0.56, Loss = 1.335
[2019-05-03 17:57] Train Step 66000/1000000, Batch Size = 64, Examples/Sec = 7430.74, Accuracy = 0.57, Loss = 1.313
[2019-05-03 17:57] Train Step 67000/1000000, Batch Size = 64, Examples/Sec = 7444.75, Accuracy = 0.56, Loss = 1.319
[2019-05-03 17:57] Train Step 68000/1000000, Batch Size = 64, Examples/Sec = 7329.50, Accuracy = 0.59, Loss = 1.278
[2019-05-03 17:57] Train Step 69000/1000000, Batch Size = 64, Examples/Sec = 7406.75, Accuracy = 0.57, Loss = 1.284
[2019-05-03 17:57] Train Step 70000/1000000, Batch Size = 64, Examples/Sec = 7418.01, Accuracy = 0.58, Loss = 1.281
[2019-05-03 17:58] Train Step 71000/1000000, Batch Size = 64, Examples/Sec = 7403.69, Accuracy = 0.55, Loss = 1.373
[2019-05-03 17:58] Train Step 72000/1000000, Batch Size = 64, Examples/Sec = 7273.29, Accuracy = 0.59, Loss = 1.277
[2019-05-03 17:58] Train Step 73000/1000000, Batch Size = 64, Examples/Sec = 7420.26, Accuracy = 0.54, Loss = 1.366
[2019-05-03 17:58] Train Step 74000/1000000, Batch Size = 64, Examples/Sec = 7434.86, Accuracy = 0.57, Loss = 1.293
[2019-05-03 17:58] Train Step 75000/1000000, Batch Size = 64, Examples/Sec = 7224.75, Accuracy = 0.58, Loss = 1.279
[2019-05-03 17:58] Train Step 76000/1000000, Batch Size = 64, Examples/Sec = 7445.79, Accuracy = 0.57, Loss = 1.315
[2019-05-03 17:59] Train Step 77000/1000000, Batch Size = 64, Examples/Sec = 7407.57, Accuracy = 0.57, Loss = 1.300
